d:\git\bigbang\bigbang\x64\debug\vc140.pdb
d:\git\bigbang\bigbang\x64\debug\vc140.idb
d:\git\bigbang\bigbang\x64\debug\big_bang.obj
d:\git\bigbang\bigbang\x64\debug\conv_layer.obj
d:\git\bigbang\bigbang\x64\debug\inner_product_layer.obj
d:\git\bigbang\bigbang\x64\debug\mse_layer.obj
d:\git\bigbang\bigbang\x64\debug\pooling_layer.obj
d:\git\bigbang\bigbang\x64\debug\sigmoid_layer.obj
d:\git\bigbang\bigbang\x64\debug\net.obj
d:\git\bigbang\bigbang\x64\debug\synced_memory.obj
d:\git\bigbang\bigbang\x64\debug\test.obj
d:\git\bigbang\bigbang\x64\debug\test_conv_layer.obj
d:\git\bigbang\bigbang\x64\debug\test_fully_connect_layer.obj
d:\git\bigbang\bigbang\x64\debug\test_gpu_gemm.obj
d:\git\bigbang\bigbang\x64\debug\test_inner_product.obj
d:\git\bigbang\bigbang\x64\debug\test_pooling_layer.obj
d:\git\bigbang\bigbang\x64\debug\test_tensor_cpu.obj
d:\git\bigbang\bigbang\x64\debug\data_reader.obj
d:\git\bigbang\bigbang\x64\debug\im2col.obj
d:\git\bigbang\bigbang\x64\debug\load_data.obj
d:\git\bigbang\bigbang\x64\debug\math_function_ptr.obj
d:\git\bigbang\bigbang\x64\debug\image_layer.obj
d:\git\bigbang\bigbang\x64\debug\image_common.obj
d:\git\bigbang\x64\debug\bigbang.ilk
d:\git\bigbang\x64\debug\bigbang.exe
d:\git\bigbang\x64\debug\bigbang.pdb
d:\git\bigbang\bigbang\x64\debug\conv_layer.cu.cache
d:\git\bigbang\bigbang\x64\debug\kernel.cu.cache
d:\git\bigbang\bigbang\x64\debug\math_function_ptr.cu.cache
d:\git\bigbang\bigbang\x64\debug\mse_layer.cu.cache
d:\git\bigbang\bigbang\x64\debug\sigmoid_layer.cu.cache
d:\git\bigbang\bigbang\x64\debug\test_tensor_gpu.cu.cache
d:\git\bigbang\bigbang\x64\debug\conv_layer.cu.obj
d:\git\bigbang\bigbang\x64\debug\kernel.cu.obj
d:\git\bigbang\bigbang\x64\debug\math_function_ptr.cu.obj
d:\git\bigbang\bigbang\x64\debug\mse_layer.cu.obj
d:\git\bigbang\bigbang\x64\debug\sigmoid_layer.cu.obj
d:\git\bigbang\bigbang\x64\debug\test_tensor_gpu.cu.obj
d:\git\bigbang\bigbang\x64\debug\image_common.obj.enc
d:\git\bigbang\bigbang\x64\debug\bigbang.tlog\cl.command.1.tlog
d:\git\bigbang\bigbang\x64\debug\bigbang.tlog\cl.read.1.tlog
d:\git\bigbang\bigbang\x64\debug\bigbang.tlog\cl.write.1.tlog
d:\git\bigbang\bigbang\x64\debug\bigbang.tlog\link.command.1.tlog
d:\git\bigbang\bigbang\x64\debug\bigbang.tlog\link.read.1.tlog
d:\git\bigbang\bigbang\x64\debug\bigbang.tlog\link.write.1.tlog
